<?xml version="1.0" encoding="UTF-8"?>
<!-- Generated by org.testng.reporters.JUnitReportReporter -->
<testsuite hostname="INCHN-CG3377522" failures="0" tests="1" name="com.ecom.runner.RunnerClass" time="22.619" errors="0" timestamp="2024-09-15T21:57:38 IST" skipped="0">
  <testcase classname="com.ecom.runner.RunnerClass" name="runScenario" time="22.619"/>
  <system-out/>
</testsuite> <!-- com.ecom.runner.RunnerClass -->
